# JRE version: Java(TM) SE Runtime Environment (17.0.5+9) (build 17.0.5+9-LTS-191)
# Java VM: Java HotSpot(TM) 64-Bit Server VM (17.0.5+9-LTS-191, mixed mode, sharing, tiered, compressed oops, compressed class ptrs, g1 gc, windows-amd64)
GC Precious Log:
 CPUs: 4 total, 4 available
 Memory: 8151M
 Large Page Support: Disabled
 NUMA Support: Disabled
 Compressed Oops: Enabled (32-bit)
 Heap Region Size: 1M
 Heap Min Capacity: 8M
 Heap Initial Capacity: 128M
 Heap Max Capacity: 2038M
 Pre-touch: Disabled
 Parallel Workers: 4
 Concurrent Workers: 1
 Concurrent Refinement Workers: 4
 Periodic GC: Disabled
Heap:
 garbage-first heap   total 159744K, used 59904K [0x0000000080a00000, 0x0000000100000000)
  region size 1024K, 12 young (12288K), 4 survivors (4096K)
 Metaspace       used 27197K, committed 27520K, reserved 1081344K
  class space    used 3081K, committed 3200K, reserved 1048576K
GC Heap History (18 events):
Event: 1.001 GC heap before
{Heap before GC invocations=0 (full 0):
 garbage-first heap   total 131072K, used 12288K [0x0000000080a00000, 0x0000000100000000)
  region size 1024K, 13 young (13312K), 0 survivors (0K)
 Metaspace       used 3703K, committed 3840K, reserved 1056768K
  class space    used 385K, committed 448K, reserved 1048576K
}
Event: 1.007 GC heap after
{Heap after GC invocations=1 (full 0):
 garbage-first heap   total 131072K, used 3286K [0x0000000080a00000, 0x0000000100000000)
  region size 1024K, 2 young (2048K), 2 survivors (2048K)
 Metaspace       used 3703K, committed 3840K, reserved 1056768K
  class space    used 385K, committed 448K, reserved 1048576K
}
Event: 1.337 GC heap before
{Heap before GC invocations=1 (full 0):
 garbage-first heap   total 131072K, used 13526K [0x0000000080a00000, 0x0000000100000000)
  region size 1024K, 13 young (13312K), 2 survivors (2048K)
 Metaspace       used 5813K, committed 5952K, reserved 1056768K
  class space    used 693K, committed 768K, reserved 1048576K
}
Event: 1.341 GC heap after
{Heap after GC invocations=2 (full 0):
 garbage-first heap   total 131072K, used 3951K [0x0000000080a00000, 0x0000000100000000)
  region size 1024K, 1 young (1024K), 1 survivors (1024K)
 Metaspace       used 5813K, committed 5952K, reserved 1056768K
  class space    used 693K, committed 768K, reserved 1048576K
}
Event: 2.032 GC heap before
{Heap before GC invocations=2 (full 0):
 garbage-first heap   total 131072K, used 33647K [0x0000000080a00000, 0x0000000100000000)
  region size 1024K, 30 young (30720K), 1 survivors (1024K)
 Metaspace       used 9555K, committed 9728K, reserved 1064960K
  class space    used 1147K, committed 1280K, reserved 1048576K
}
Event: 2.036 GC heap after
{Heap after GC invocations=3 (full 0):
 garbage-first heap   total 131072K, used 5138K [0x0000000080a00000, 0x0000000100000000)
  region size 1024K, 2 young (2048K), 2 survivors (2048K)
 Metaspace       used 9555K, committed 9728K, reserved 1064960K
  class space    used 1147K, committed 1280K, reserved 1048576K
}
Event: 4.301 GC heap before
{Heap before GC invocations=3 (full 0):
 garbage-first heap   total 131072K, used 80914K [0x0000000080a00000, 0x0000000100000000)
  region size 1024K, 76 young (77824K), 2 survivors (2048K)
 Metaspace       used 15966K, committed 16256K, reserved 1064960K
  class space    used 1888K, committed 2048K, reserved 1048576K
}
Event: 4.317 GC heap after
{Heap after GC invocations=4 (full 0):
 garbage-first heap   total 131072K, used 12708K [0x0000000080a00000, 0x0000000100000000)
  region size 1024K, 10 young (10240K), 10 survivors (10240K)
 Metaspace       used 15966K, committed 16256K, reserved 1064960K
  class space    used 1888K, committed 2048K, reserved 1048576K
}
Event: 6.040 GC heap before
{Heap before GC invocations=4 (full 0):
 garbage-first heap   total 131072K, used 80292K [0x0000000080a00000, 0x0000000100000000)
  region size 1024K, 76 young (77824K), 10 survivors (10240K)
 Metaspace       used 16523K, committed 16768K, reserved 1064960K
  class space    used 1895K, committed 2048K, reserved 1048576K
}
Event: 6.060 GC heap after
{Heap after GC invocations=5 (full 0):
 garbage-first heap   total 131072K, used 16337K [0x0000000080a00000, 0x0000000100000000)
  region size 1024K, 4 young (4096K), 4 survivors (4096K)
 Metaspace       used 16523K, committed 16768K, reserved 1064960K
  class space    used 1895K, committed 2048K, reserved 1048576K
}
Event: 8.961 GC heap before
{Heap before GC invocations=5 (full 0):
 garbage-first heap   total 131072K, used 72657K [0x0000000080a00000, 0x0000000100000000)
  region size 1024K, 56 young (57344K), 4 survivors (4096K)
 Metaspace       used 21281K, committed 21504K, reserved 1073152K
  class space    used 2462K, committed 2560K, reserved 1048576K
}
Event: 8.972 GC heap after
{Heap after GC invocations=6 (full 0):
 garbage-first heap   total 131072K, used 26523K [0x0000000080a00000, 0x0000000100000000)
  region size 1024K, 10 young (10240K), 10 survivors (10240K)
 Metaspace       used 21281K, committed 21504K, reserved 1073152K
  class space    used 2462K, committed 2560K, reserved 1048576K
}
Event: 10.871 GC heap before
{Heap before GC invocations=7 (full 0):
 garbage-first heap   total 96256K, used 75675K [0x0000000080a00000, 0x0000000100000000)
  region size 1024K, 55 young (56320K), 10 survivors (10240K)
 Metaspace       used 26135K, committed 26496K, reserved 1073152K
  class space    used 2991K, committed 3136K, reserved 1048576K
}
Event: 10.908 GC heap after
{Heap after GC invocations=8 (full 0):
 garbage-first heap   total 105472K, used 45718K [0x0000000080a00000, 0x0000000100000000)
  region size 1024K, 7 young (7168K), 7 survivors (7168K)
 Metaspace       used 26135K, committed 26496K, reserved 1073152K
  class space    used 2991K, committed 3136K, reserved 1048576K
}
Event: 10.955 GC heap before
{Heap before GC invocations=8 (full 0):
 garbage-first heap   total 105472K, used 46742K [0x0000000080a00000, 0x0000000100000000)
  region size 1024K, 8 young (8192K), 7 survivors (7168K)
 Metaspace       used 26136K, committed 26496K, reserved 1073152K
  class space    used 2991K, committed 3136K, reserved 1048576K
}
Event: 10.964 GC heap after
{Heap after GC invocations=9 (full 0):
 garbage-first heap   total 105472K, used 47104K [0x0000000080a00000, 0x0000000100000000)
  region size 1024K, 1 young (1024K), 1 survivors (1024K)
 Metaspace       used 26136K, committed 26496K, reserved 1073152K
  class space    used 2991K, committed 3136K, reserved 1048576K
}
Event: 11.583 GC heap before
{Heap before GC invocations=9 (full 0):
 garbage-first heap   total 105472K, used 76800K [0x0000000080a00000, 0x0000000100000000)
  region size 1024K, 29 young (29696K), 1 survivors (1024K)
 Metaspace       used 27031K, committed 27264K, reserved 1081344K
  class space    used 3065K, committed 3136K, reserved 1048576K
}
Event: 11.598 GC heap after
{Heap after GC invocations=10 (full 0):
 garbage-first heap   total 159744K, used 52736K [0x0000000080a00000, 0x0000000100000000)
  region size 1024K, 4 young (4096K), 4 survivors (4096K)
 Metaspace       used 27031K, committed 27264K, reserved 1081344K
  class space    used 3065K, committed 3136K, reserved 1048576K
}

